Build started 4/19/2013 1:12:28 PM.
     1>Project "C:\Users\Vyse\Documents\Visual Studio 2010\Projects\Hunter\Hunter\Hunter.vcxproj" on node 2 (build target(s)).
     1>InitializeBuildStatus:
         Creating "Debug\FaceDetection.unsuccessfulbuild" because "AlwaysCreate" was specified.
       ClCompile:
         C:\Program Files (x86)\Microsoft Visual Studio 10.0\VC\bin\CL.exe /c /I"C:\Program Files (x86)\PrimeSense\NiTE2\Include\\" /I"C:\Program Files (x86)\OpenNI2\Include\\" /I"C:\Program Files (x86)\OpenNI2\Include" /IC:\opencv\build\include\opencv2 /IC:\opencv\build\include /I"C:\Program Files (x86)\PrimeSense\NiTE2\Include" /IC:\opencv\build\include\opencv /ZI /nologo /W3 /WX- /Od /Oy- /D WIN32 /D _DEBUG /D _CONSOLE /D _UNICODE /D UNICODE /Gm /EHsc /RTC1 /MDd /GS /fp:precise /Zc:wchar_t /Zc:forScope /Fo"Debug\\" /Fd"Debug\vc100.pdb" /Gd /TP /analyze- /errorReport:prompt FaceDetection.cpp
         FaceDetection.cpp
     1>c:\users\vyse\documents\visual studio 2010\projects\hunter\hunter\facedetection.cpp(56): warning C4244: '=' : conversion from 'double' to 'uchar', possible loss of data
     1>c:\users\vyse\documents\visual studio 2010\projects\hunter\hunter\facedetection.cpp(184): warning C4244: 'initializing' : conversion from 'const float' to 'int', possible loss of data
     1>c:\users\vyse\documents\visual studio 2010\projects\hunter\hunter\facedetection.cpp(187): warning C4244: 'argument' : conversion from 'float' to 'int', possible loss of data
     1>c:\users\vyse\documents\visual studio 2010\projects\hunter\hunter\facedetection.cpp(187): warning C4244: 'argument' : conversion from 'float' to 'int', possible loss of data
       ManifestResourceCompile:
         All outputs are up-to-date.
       Link:
         C:\Program Files (x86)\Microsoft Visual Studio 10.0\VC\bin\link.exe /ERRORREPORT:PROMPT /OUT:"C:\Users\Vyse\Documents\Visual Studio 2010\Projects\Hunter\Debug\FaceDetection.exe" /INCREMENTAL /NOLOGO /LIBPATH:"C:\Program Files (x86)\PrimeSense\NiTE2\Lib\\" /LIBPATH:"C:\Program Files (x86)\OpenNI2\Lib\\" /LIBPATH:"C:\Program Files (x86)\OpenNI2\Lib" /LIBPATH:C:\opencv\build\x86\vc10\lib /LIBPATH:"C:\Program Files (x86)\PrimeSense\NiTE2\Lib" opencv_core240d.lib opencv_features2d240d.lib opencv_highgui240d.lib OpenNI2.lib NiTE2.lib opencv_imgproc240d.lib opencv_ml240d.lib opencv_video240d.lib opencv_calib3d240d.lib opencv_objdetect240d.lib opencv_contrib240d.lib opencv_legacy240d.lib opencv_flann240d.lib kernel32.lib user32.lib gdi32.lib winspool.lib comdlg32.lib advapi32.lib shell32.lib ole32.lib oleaut32.lib uuid.lib odbc32.lib odbccp32.lib /MANIFEST /ManifestFile:"Debug\FaceDetection.exe.intermediate.manifest" /MANIFESTUAC:"level='asInvoker' uiAccess='false'" /DEBUG /PDB:"C:\Users\Vyse\Documents\Visual Studio 2010\Projects\Hunter\Debug\FaceDetection.pdb" /SUBSYSTEM:CONSOLE /TLBID:1 /DYNAMICBASE /NXCOMPAT /IMPLIB:"C:\Users\Vyse\Documents\Visual Studio 2010\Projects\Hunter\Debug\FaceDetection.lib" /MACHINE:X86 Debug\FaceDetection.exe.embed.manifest.res
         Debug\FaceDetection.obj
       Manifest:
         C:\Program Files (x86)\Microsoft SDKs\Windows\v7.0A\bin\mt.exe /nologo /verbose /out:"Debug\FaceDetection.exe.embed.manifest" /manifest Debug\FaceDetection.exe.intermediate.manifest
         All outputs are up-to-date.
       LinkEmbedManifest:
         All outputs are up-to-date.
         Hunter.vcxproj -> C:\Users\Vyse\Documents\Visual Studio 2010\Projects\Hunter\Debug\FaceDetection.exe
       FinalizeBuildStatus:
         Deleting file "Debug\FaceDetection.unsuccessfulbuild".
         Touching "Debug\FaceDetection.lastbuildstate".
     1>Done Building Project "C:\Users\Vyse\Documents\Visual Studio 2010\Projects\Hunter\Hunter\Hunter.vcxproj" (build target(s)).

Build succeeded.

Time Elapsed 00:00:03.62
